2017-11-07 11:28:02,355 [wsz][Thread:1][INFO] JinRi.LogCenter.AppSetting - 初始化配置文件成功
2017-11-07 11:28:02,411 [wsz][Thread:5][INFO] JinRi.LogCenter.Console.LoggerDataServeice - 服务正在启动……
2017-11-07 11:28:02,421 [wsz][Thread:5][INFO] JinRi.LogCenter.DBLog - 初始化DataBufferPool成功
2017-11-07 11:28:02,913 [wsz][Thread:5][INFO] JinRi.LogCenter.EasyNetQLogger - Connected to RabbitMQ. Broker: '120.26.126.127', Port: 5672, VHost: '/'
2017-11-07 11:28:02,943 [wsz][Thread:5][INFO] JinRi.LogCenter.EasyNetQHelper - 初始化IBus成功： connectionString=host=120.26.126.127:5672;username=admin;password=123456;prefetchcount=30
2017-11-07 11:28:04,738 [wsz][Thread:5][INFO] JinRi.LogCenter.EasyNetQLogger - Declared Consumer. queue='JinRi.LogCenter.QU', consumer tag='32056da4-dd3b-4dc0-a98f-9fbb46cbd13b' prefetchcount=30 priority=0 x-cancel-on-ha-failover=False
2017-11-07 11:28:05,095 [wsz][Thread:14][INFO] JinRi.LogCenter.LogMessageDAL - 批量成功往dbo.tbl_Interface_HandleLog_201711-HandleLog_afd4c63a8c5043d591a945f3fa3c7bdf表插入1条数据
2017-11-07 11:28:09,588 [wsz][Thread:19][INFO] JinRi.LogCenter.LogMessageDAL - 批量成功往dbo.tbl_Interface_HandleLog_201711-HandleLog_17b4dfdeddf8499aa3bdf9589b63f454表插入1条数据
2017-11-07 11:28:09,597 [wsz][Thread:19][INFO] JinRi.LogCenter.LogMessageDAL - 批量成功往dbo.tbl_Interface_HandleLog_201711-HandleLog_4c2a89355d414335afcb1f4931b40b8e表插入1条数据
2017-11-07 11:28:15,549 [wsz][Thread:19][INFO] JinRi.LogCenter.LogMessageDAL - 批量成功往dbo.tbl_Interface_HandleLog_201711-HandleLog_fd63cbadb2c4409ab1a33b96a84b29a8表插入1条数据
2017-11-07 11:28:15,573 [wsz][Thread:19][INFO] JinRi.LogCenter.LogMessageDAL - 批量成功往dbo.tbl_Interface_HandleLog_201711-HandleLog_0774540f29794cdfb39934e324e76c40表插入1条数据
2017-11-07 11:28:21,413 [wsz][Thread:19][INFO] JinRi.LogCenter.LogMessageDAL - 批量成功往dbo.tbl_Interface_HandleLog_201711-HandleLog_18393992cddb4f36aae3e01cc49a9614表插入1条数据
2017-11-07 11:28:21,753 [wsz][Thread:19][INFO] JinRi.LogCenter.LogMessageDAL - 批量成功往dbo.tbl_Interface_HandleLog_201711-HandleLog_342e1a3ea8714726adbedeb116b17d7c表插入1条数据
2017-11-07 11:28:27,253 [wsz][Thread:19][INFO] JinRi.LogCenter.LogMessageDAL - 批量成功往dbo.tbl_Interface_HandleLog_201711-HandleLog_43c287eaf212435c828447a535a746ef表插入1条数据
2017-11-07 11:28:27,262 [wsz][Thread:19][INFO] JinRi.LogCenter.LogMessageDAL - 批量成功往dbo.tbl_Interface_HandleLog_201711-HandleLog_938af59258c34314919b5272a7f9e257表插入1条数据
2017-11-07 11:28:33,302 [wsz][Thread:3][INFO] JinRi.LogCenter.LogMessageDAL - 批量成功往dbo.tbl_Interface_HandleLog_201711-HandleLog_9e9460c937374fc48d906d6e6ec8b184表插入1条数据
2017-11-07 11:28:33,367 [wsz][Thread:19][INFO] JinRi.LogCenter.LogMessageDAL - 批量成功往dbo.tbl_Interface_HandleLog_201711-HandleLog_f3bcfb3e4d6b440ca966690980279799表插入1条数据
2017-11-07 11:28:38,486 [wsz][Thread:5][INFO] JinRi.LogCenter.EasyNetQLogger - Declared Consumer. queue='JinRi.LogCenter2.QU', consumer tag='ee8b3c86-4599-4c61-9966-365ff449dafc' prefetchcount=30 priority=0 x-cancel-on-ha-failover=False
2017-11-07 11:28:38,532 [wsz][Thread:19][INFO] JinRi.LogCenter.LogMessageDAL - 批量成功往dbo.tbl_Interface_HandleLog_201711-HandleLog_6857e639beac41b698a675b786ae411d表插入1条数据
2017-11-07 11:28:38,598 [wsz][Thread:3][INFO] JinRi.LogCenter.LogMessageDAL - 批量成功往dbo.tbl_Interface_HandleLog_201711-HandleLog_c1ff98e4e7b74a0094077bba00ced3df表插入1条数据
2017-11-07 11:28:44,605 [wsz][Thread:3][INFO] JinRi.LogCenter.LogMessageDAL - 批量成功往dbo.tbl_Interface_ProcessLog_201711-ProcessLog_53d1316d43054365b28624434bc0c85f表插入2条数据
2017-11-07 11:28:44,624 [wsz][Thread:3][INFO] JinRi.LogCenter.LogMessageDAL - 批量成功往dbo.tbl_Interface_HandleLog_201711-HandleLog_1c9f72f42548424eaf10baf8e4e2cb40表插入2条数据
2017-11-07 11:28:44,637 [wsz][Thread:3][INFO] JinRi.LogCenter.LogMessageDAL - 批量成功往dbo.tbl_Interface_ProcessLog_201711-ProcessLog_ef5612b2699a498195b73f227c87cdfa表插入1条数据
2017-11-07 11:28:44,649 [wsz][Thread:3][INFO] JinRi.LogCenter.LogMessageDAL - 批量成功往dbo.tbl_Interface_HandleLog_201711-HandleLog_d0d7dbe81dd243849404a4d2d4f547c6表插入1条数据
2017-11-07 11:28:44,667 [wsz][Thread:3][INFO] JinRi.LogCenter.LogMessageDAL - 批量成功往dbo.tbl_Interface_ProcessLog_201711-ProcessLog_97034c1f5e2b487fa0a0cdb4e87c2b42表插入1条数据
2017-11-07 11:28:44,678 [wsz][Thread:19][INFO] JinRi.LogCenter.LogMessageDAL - 批量成功往dbo.tbl_Interface_HandleLog_201711-HandleLog_5487eded35584603870c2a97a2437374表插入1条数据
2017-11-07 11:28:44,678 [wsz][Thread:3][INFO] JinRi.LogCenter.LogMessageDAL - 批量成功往dbo.tbl_Interface_HandleLog_201711-HandleLog_1d4dec17bb1a42818db5052a31a6bf70表插入1条数据
2017-11-07 11:28:45,146 [wsz][Thread:5][INFO] JinRi.LogCenter.EasyNetQLogger - Declared Consumer. queue='JinRi.LogCenter3.QU', consumer tag='f3e99125-c511-445f-8b96-48ab4d8092a6' prefetchcount=30 priority=0 x-cancel-on-ha-failover=False
2017-11-07 11:28:45,157 [wsz][Thread:19][INFO] JinRi.LogCenter.LogMessageDAL - 批量成功往dbo.tbl_Interface_ProcessLog_201711-ProcessLog_b255345fc0d348b2bf8b8bd03c25348a表插入2条数据
2017-11-07 11:28:45,174 [wsz][Thread:3][INFO] JinRi.LogCenter.LogMessageDAL - 批量成功往dbo.tbl_Interface_HandleLog_201711-HandleLog_1b86edd992124a8792e8420be6765908表插入1条数据
2017-11-07 11:28:45,179 [wsz][Thread:19][INFO] JinRi.LogCenter.LogMessageDAL - 批量成功往dbo.tbl_Interface_HandleLog_201711-HandleLog_3f7aec1743124b5f92c348b7096374ed表插入2条数据
2017-11-07 11:28:45,184 [wsz][Thread:3][INFO] JinRi.LogCenter.LogMessageDAL - 批量成功往dbo.tbl_Interface_ProcessLog_201711-ProcessLog_a7ec030c0dd145bb9700d5888d771cd1表插入1条数据
2017-11-07 11:28:45,188 [wsz][Thread:19][INFO] JinRi.LogCenter.LogMessageDAL - 批量成功往dbo.tbl_Interface_ProcessLog_201711-ProcessLog_e2356e5fcdc4449aa801f8f7c9a00786表插入2条数据
2017-11-07 11:28:45,194 [wsz][Thread:3][INFO] JinRi.LogCenter.LogMessageDAL - 批量成功往dbo.tbl_Interface_HandleLog_201711-HandleLog_4e745173236a444881d7b154a4c0e87b表插入2条数据
2017-11-07 11:28:45,198 [wsz][Thread:19][INFO] JinRi.LogCenter.LogMessageDAL - 批量成功往dbo.tbl_Interface_ProcessLog_201711-ProcessLog_c0cd1f3827e64354b9f875deee73ecf9表插入2条数据
2017-11-07 11:28:45,203 [wsz][Thread:3][INFO] JinRi.LogCenter.LogMessageDAL - 批量成功往dbo.tbl_Interface_HandleLog_201711-HandleLog_5a600ef49c0b426dba588c81580abbe9表插入2条数据
2017-11-07 11:28:45,207 [wsz][Thread:19][INFO] JinRi.LogCenter.LogMessageDAL - 批量成功往dbo.tbl_Interface_ProcessLog_201711-ProcessLog_1601e4e01c0d40f6a92ac7de83d115a8表插入2条数据
2017-11-07 11:28:45,211 [wsz][Thread:3][INFO] JinRi.LogCenter.LogMessageDAL - 批量成功往dbo.tbl_Interface_HandleLog_201711-HandleLog_fe73737421934e9985aec3c7ff540645表插入2条数据
2017-11-07 11:28:45,215 [wsz][Thread:19][INFO] JinRi.LogCenter.LogMessageDAL - 批量成功往dbo.tbl_Interface_ProcessLog_201711-ProcessLog_310b2c92e09641dab3082d7a2353df41表插入1条数据
2017-11-07 11:28:45,219 [wsz][Thread:5][INFO] JinRi.LogCenter.EasyNetQLogger - Declared Consumer. queue='JinRi.LogCenter4.QU', consumer tag='b1eb7d76-c6c4-4ba8-a27a-6721259dd049' prefetchcount=30 priority=0 x-cancel-on-ha-failover=False
2017-11-07 11:28:45,220 [wsz][Thread:3][INFO] JinRi.LogCenter.LogMessageDAL - 批量成功往dbo.tbl_Interface_HandleLog_201711-HandleLog_70a013c633cb439fbcbb5364a6d4031e表插入1条数据
2017-11-07 11:28:45,223 [wsz][Thread:19][INFO] JinRi.LogCenter.LogMessageDAL - 批量成功往dbo.tbl_Interface_ProcessLog_201711-ProcessLog_17ada5374cad4936aac3337a970d2c6b表插入1条数据
2017-11-07 11:28:45,228 [wsz][Thread:3][INFO] JinRi.LogCenter.LogMessageDAL - 批量成功往dbo.tbl_Interface_HandleLog_201711-HandleLog_4a10f91df19041b688001989a28e566a表插入1条数据
2017-11-07 11:28:45,254 [wsz][Thread:5][INFO] JinRi.LogCenter.EasyNetQLogger - Declared Consumer. queue='JinRi.LogCenter5.QU', consumer tag='57d3f63c-2bdb-48b7-854f-51a708f5b23c' prefetchcount=30 priority=0 x-cancel-on-ha-failover=False
2017-11-07 11:28:45,289 [wsz][Thread:5][INFO] JinRi.LogCenter.EasyNetQLogger - Declared Consumer. queue='JinRi.LogCenter6.QU', consumer tag='25249882-672d-4496-b2b6-3f576c61ab01' prefetchcount=30 priority=0 x-cancel-on-ha-failover=False
2017-11-07 11:28:45,291 [wsz][Thread:5][INFO] JinRi.LogCenter.Console.LoggerDataServeice - 服务启动完成！
2017-11-07 11:33:19,861 [wsz][Thread:19][INFO] JinRi.LogCenter.LogMessageDAL - 批量成功往dbo.tbl_Interface_HandleLog_201711-HandleLog_0cdaefe352704fd69445644956bb3c5c表插入2条数据
2017-11-07 11:33:19,881 [wsz][Thread:19][INFO] JinRi.LogCenter.LogMessageDAL - 批量成功往dbo.tbl_Interface_ProcessLog_201711-ProcessLog_1d4131ea26374f99bad809fe782f79dd表插入2条数据
2017-11-07 11:34:52,438 [wsz][Thread:20][INFO] JinRi.LogCenter.LogMessageDAL - 批量成功往dbo.tbl_Interface_HandleLog_201711-HandleLog_519bc9614b164e81b93b4221efb3efb5表插入1条数据
2017-11-07 11:34:52,444 [wsz][Thread:21][INFO] JinRi.LogCenter.LogMessageDAL - 批量成功往dbo.tbl_Interface_HandleLog_201711-HandleLog_9e72f1fb52b249ea87af5e10cfdc25d2表插入1条数据
2017-11-07 11:34:54,728 [wsz][Thread:21][INFO] JinRi.LogCenter.LogMessageDAL - 批量成功往dbo.tbl_Interface_ProcessLog_201711-ProcessLog_f3afe6fb09124c9b93260a57c8122200表插入4条数据
2017-11-07 11:34:54,734 [wsz][Thread:20][INFO] JinRi.LogCenter.LogMessageDAL - 批量成功往dbo.tbl_Interface_HandleLog_201711-HandleLog_95ce65ee510249aa8a0aaf56fc51a4cd表插入1条数据
2017-11-07 11:35:10,583 [wsz][Thread:21][INFO] JinRi.LogCenter.LogMessageDAL - 批量成功往dbo.tbl_Interface_HandleLog_201711-HandleLog_757ceb79a7cf4ad0a021d280e693eb38表插入1条数据
2017-11-07 11:35:23,915 [wsz][Thread:21][INFO] JinRi.LogCenter.LogMessageDAL - 批量成功往dbo.tbl_Interface_HandleLog_201711-HandleLog_cbb6551c0688471fb55e87e1240df798表插入1条数据
2017-11-07 11:35:23,925 [wsz][Thread:20][INFO] JinRi.LogCenter.LogMessageDAL - 批量成功往dbo.tbl_Interface_ProcessLog_201711-ProcessLog_d9c18c5373634deba8bf8f7b4b33fe92表插入2条数据
2017-11-07 11:35:26,911 [wsz][Thread:21][INFO] JinRi.LogCenter.LogMessageDAL - 批量成功往dbo.tbl_Interface_HandleLog_201711-HandleLog_003cf1ac65f9406abf3eeb49d82abc9b表插入1条数据
2017-11-07 11:48:45,901 [wsz][Thread:24][INFO] JinRi.LogCenter.LogMessageDAL - 批量成功往dbo.tbl_Interface_HandleLog_201711-HandleLog_349d7392e4504dcd9d86d9e63f17bcaf表插入1条数据
2017-11-07 11:48:45,920 [wsz][Thread:28][INFO] JinRi.LogCenter.LogMessageDAL - 批量成功往dbo.tbl_Interface_ProcessLog_201711-ProcessLog_65841087ce3e4775add35870728d1a75表插入2条数据
2017-11-07 11:50:28,859 [wsz][Thread:20][INFO] JinRi.LogCenter.LogMessageDAL - 批量成功往dbo.tbl_Interface_HandleLog_201711-HandleLog_e5b28a2493f04f8c9479266b09305095表插入1条数据
2017-11-07 11:50:43,835 [wsz][Thread:23][INFO] JinRi.LogCenter.LogMessageDAL - 批量成功往dbo.tbl_Interface_ProcessLog_201711-ProcessLog_b3beb822d97c40c0adb1cb37e5b92cc5表插入2条数据
2017-11-07 11:50:43,847 [wsz][Thread:22][INFO] JinRi.LogCenter.LogMessageDAL - 批量成功往dbo.tbl_Interface_HandleLog_201711-HandleLog_8a79efc8a157478886cca7ab1efa9380表插入2条数据
2017-11-07 12:00:06,681 [wsz][Thread:25][INFO] JinRi.LogCenter.LogMessageDAL - 批量成功往dbo.tbl_Interface_ProcessLog_201711-ProcessLog_2ef37b0ea9ac4a1dac1514bf28d70555表插入2条数据
2017-11-07 12:00:06,684 [wsz][Thread:27][INFO] JinRi.LogCenter.LogMessageDAL - 批量成功往dbo.tbl_Interface_HandleLog_201711-HandleLog_138a56a9815e4de39a58f6c991fa6453表插入2条数据
2017-11-07 12:01:48,646 [wsz][Thread:20][INFO] JinRi.LogCenter.LogMessageDAL - 批量成功往dbo.tbl_Interface_ProcessLog_201711-ProcessLog_bcb2d36875d5488b94ed7126e61491b2表插入2条数据
2017-11-07 12:01:48,665 [wsz][Thread:21][INFO] JinRi.LogCenter.LogMessageDAL - 批量成功往dbo.tbl_Interface_HandleLog_201711-HandleLog_ac813e1096fc457d84723b829f58d7cc表插入2条数据
2017-11-07 12:23:46,714 [wsz][Thread:24][INFO] JinRi.LogCenter.LogMessageDAL - 批量成功往dbo.tbl_Interface_HandleLog_201711-HandleLog_5411f5afeab5499f8797ade77b8ec85f表插入1条数据
2017-11-07 12:23:46,723 [wsz][Thread:19][INFO] JinRi.LogCenter.LogMessageDAL - 批量成功往dbo.tbl_Interface_ProcessLog_201711-ProcessLog_223fcdca82a944f69f7342b66c129d36表插入2条数据
2017-11-07 12:23:52,024 [wsz][Thread:22][INFO] JinRi.LogCenter.LogMessageDAL - 批量成功往dbo.tbl_Interface_HandleLog_201711-HandleLog_69ddb28e62804eb6ab6d99c445b225ef表插入1条数据
2017-11-07 13:15:00,545 [wsz][Thread:22][INFO] JinRi.LogCenter.LogMessageDAL - 批量成功往dbo.tbl_Interface_ProcessLog_201711-ProcessLog_dd092e8da585411d87121015d5cb73f0表插入2条数据
2017-11-07 13:15:00,555 [wsz][Thread:21][INFO] JinRi.LogCenter.LogMessageDAL - 批量成功往dbo.tbl_Interface_HandleLog_201711-HandleLog_5bdc6ca958cb4ff3b9b710e0399af12b表插入2条数据
2017-11-07 13:16:06,340 [wsz][Thread:25][INFO] JinRi.LogCenter.LogMessageDAL - 批量成功往dbo.tbl_Interface_HandleLog_201711-HandleLog_8f7a6cb88ec94e539366b600c329b3a3表插入1条数据
2017-11-07 13:16:06,520 [wsz][Thread:27][INFO] JinRi.LogCenter.LogMessageDAL - 批量成功往dbo.tbl_Interface_ProcessLog_201711-ProcessLog_a86687da15c84fd08f4edeb380640fb0表插入2条数据
2017-11-07 13:16:09,142 [wsz][Thread:27][INFO] JinRi.LogCenter.LogMessageDAL - 批量成功往dbo.tbl_Interface_HandleLog_201711-HandleLog_d0eb00842f1f48dea096bd382abe07f5表插入1条数据
2017-11-07 13:22:36,124 [wsz][Thread:27][INFO] JinRi.LogCenter.LogMessageDAL - 批量成功往dbo.tbl_Interface_HandleLog_201711-HandleLog_62fd0a0cabbc4992864c8b2021a6d140表插入2条数据
2017-11-07 13:22:36,135 [wsz][Thread:25][INFO] JinRi.LogCenter.LogMessageDAL - 批量成功往dbo.tbl_Interface_ProcessLog_201711-ProcessLog_5ef7f802d5ad49d7964a7c4a42352a64表插入2条数据
2017-11-07 13:35:42,269 [wsz][Thread:23][INFO] JinRi.LogCenter.LogMessageDAL - 批量成功往dbo.tbl_Interface_HandleLog_201711-HandleLog_796883c68da94ff092cb2ccd7ed4f3c1表插入1条数据
2017-11-07 13:35:53,550 [wsz][Thread:21][INFO] JinRi.LogCenter.LogMessageDAL - 批量成功往dbo.tbl_Interface_HandleLog_201711-HandleLog_99536b9b227e4de29871319693542014表插入1条数据
2017-11-07 13:38:39,257 [wsz][Thread:25][INFO] JinRi.LogCenter.LogMessageDAL - 批量成功往dbo.tbl_Interface_HandleLog_201711-HandleLog_b379e82f8a85497da1889d07c69c1d80表插入1条数据
2017-11-07 13:38:52,012 [wsz][Thread:27][INFO] JinRi.LogCenter.LogMessageDAL - 批量成功往dbo.tbl_Interface_HandleLog_201711-HandleLog_eabf5f9948274de982939e54bcfcf3af表插入1条数据
2017-11-07 13:43:15,313 [wsz][Thread:22][INFO] JinRi.LogCenter.LogMessageDAL - 批量成功往dbo.tbl_Interface_HandleLog_201711-HandleLog_2e1efff07fe944b6b6550e3e1e93be1a表插入1条数据
2017-11-07 13:43:43,201 [wsz][Thread:26][INFO] JinRi.LogCenter.LogMessageDAL - 批量成功往dbo.tbl_Interface_HandleLog_201711-HandleLog_423f5d12225640688ba23695a2f695e1表插入1条数据
2017-11-07 13:44:42,244 [wsz][Thread:27][INFO] JinRi.LogCenter.LogMessageDAL - 批量成功往dbo.tbl_Interface_HandleLog_201711-HandleLog_89ead00d87b543cb863b02e10f82088b表插入1条数据
2017-11-07 13:45:13,889 [wsz][Thread:27][INFO] JinRi.LogCenter.LogMessageDAL - 批量成功往dbo.tbl_Interface_HandleLog_201711-HandleLog_849c09926e384d898ea45ddcd270e2c0表插入1条数据
2017-11-07 13:52:15,305 [wsz][Thread:22][INFO] JinRi.LogCenter.LogMessageDAL - 批量成功往dbo.tbl_Interface_HandleLog_201711-HandleLog_6e4ea4a7d2cd47279dd453c05bfa85e9表插入1条数据
2017-11-07 13:52:35,727 [wsz][Thread:24][INFO] JinRi.LogCenter.LogMessageDAL - 批量成功往dbo.tbl_Interface_HandleLog_201711-HandleLog_108064baeb004da4a424de9bd31fb0fd表插入1条数据
2017-11-07 13:53:18,339 [wsz][Thread:21][INFO] JinRi.LogCenter.LogMessageDAL - 批量成功往dbo.tbl_Interface_HandleLog_201711-HandleLog_fad94c6ab9ed4e27a2b0c8d00b7225b6表插入1条数据
2017-11-07 13:53:33,486 [wsz][Thread:21][INFO] JinRi.LogCenter.LogMessageDAL - 批量成功往dbo.tbl_Interface_HandleLog_201711-HandleLog_56630cad583c4cd9b6f82053875b51ae表插入1条数据
2017-11-07 13:55:15,279 [wsz][Thread:27][INFO] JinRi.LogCenter.LogMessageDAL - 批量成功往dbo.tbl_Interface_HandleLog_201711-HandleLog_bdf6322268834c0a906dbffde1a61bbf表插入2条数据
2017-11-07 13:55:43,032 [wsz][Thread:24][INFO] JinRi.LogCenter.LogMessageDAL - 批量成功往dbo.tbl_Interface_HandleLog_201711-HandleLog_d78c2998eefa4b53b43b506741abec6a表插入1条数据
2017-11-07 13:55:59,097 [wsz][Thread:26][INFO] JinRi.LogCenter.LogMessageDAL - 批量成功往dbo.tbl_Interface_HandleLog_201711-HandleLog_79f149491d204f0d8cae6942b9a65e25表插入1条数据
2017-11-07 13:56:03,314 [wsz][Thread:19][INFO] JinRi.LogCenter.LogMessageDAL - 批量成功往dbo.tbl_Interface_HandleLog_201711-HandleLog_2146ce52506140ef9dd7727fd98c49dc表插入1条数据
2017-11-07 13:56:19,061 [wsz][Thread:19][INFO] JinRi.LogCenter.LogMessageDAL - 批量成功往dbo.tbl_Interface_HandleLog_201711-HandleLog_5d6c6c0b814045f9a0a57cb1d7db84af表插入1条数据
2017-11-07 13:59:12,358 [wsz][Thread:24][INFO] JinRi.LogCenter.LogMessageDAL - 批量成功往dbo.tbl_Interface_HandleLog_201711-HandleLog_592eb70b3cd140a7863a357683e1287b表插入1条数据
2017-11-07 13:59:23,638 [wsz][Thread:19][INFO] JinRi.LogCenter.LogMessageDAL - 批量成功往dbo.tbl_Interface_HandleLog_201711-HandleLog_b34d361fcb4645cfb084dcf18ea57ae5表插入1条数据
2017-11-07 13:59:27,380 [wsz][Thread:21][INFO] JinRi.LogCenter.LogMessageDAL - 批量成功往dbo.tbl_Interface_HandleLog_201711-HandleLog_e139f27f0f914a31a63842d7df17402c表插入1条数据
2017-11-07 13:59:44,443 [wsz][Thread:26][INFO] JinRi.LogCenter.LogMessageDAL - 批量成功往dbo.tbl_Interface_HandleLog_201711-HandleLog_3e7148f4d78e42d99aaee63d07570883表插入1条数据
2017-11-07 13:59:44,503 [wsz][Thread:22][INFO] JinRi.LogCenter.LogMessageDAL - 批量成功往dbo.tbl_Interface_HandleLog_201711-HandleLog_c2b799a030bd43aca4f0e7db40d3cac4表插入1条数据
2017-11-07 13:59:56,381 [wsz][Thread:20][INFO] JinRi.LogCenter.LogMessageDAL - 批量成功往dbo.tbl_Interface_HandleLog_201711-HandleLog_bf21780397514007b904dd5aa2003303表插入1条数据
2017-11-07 14:06:21,377 [wsz][Thread:22][INFO] JinRi.LogCenter.LogMessageDAL - 批量成功往dbo.tbl_Interface_HandleLog_201711-HandleLog_5fbdee9e9e294da4b978ac9d719b851b表插入1条数据
2017-11-07 14:06:43,357 [wsz][Thread:22][INFO] JinRi.LogCenter.LogMessageDAL - 批量成功往dbo.tbl_Interface_HandleLog_201711-HandleLog_f74fd6056308402d91423ab15d62212c表插入1条数据
2017-11-07 14:08:12,457 [wsz][Thread:21][INFO] JinRi.LogCenter.LogMessageDAL - 批量成功往dbo.tbl_Interface_HandleLog_201711-HandleLog_73845d301623482e8333b6ca70c07c0c表插入1条数据
2017-11-07 14:08:24,989 [wsz][Thread:23][INFO] JinRi.LogCenter.LogMessageDAL - 批量成功往dbo.tbl_Interface_HandleLog_201711-HandleLog_420e82d717df41d1b67f76309551b8d5表插入1条数据
2017-11-07 14:15:36,457 [wsz][Thread:26][INFO] JinRi.LogCenter.LogMessageDAL - 批量成功往dbo.tbl_Interface_HandleLog_201711-HandleLog_8dba1f2f286d4653a4230701aa4ca1e7表插入1条数据
2017-11-07 14:15:49,439 [wsz][Thread:22][INFO] JinRi.LogCenter.LogMessageDAL - 批量成功往dbo.tbl_Interface_HandleLog_201711-HandleLog_0f4591a2a34744db81cc58271566a40b表插入1条数据
2017-11-07 14:20:18,424 [wsz][Thread:20][INFO] JinRi.LogCenter.LogMessageDAL - 批量成功往dbo.tbl_Interface_HandleLog_201711-HandleLog_3d0a650af3c7482aa35f90717d2f8f75表插入1条数据
2017-11-07 14:20:27,992 [wsz][Thread:21][INFO] JinRi.LogCenter.LogMessageDAL - 批量成功往dbo.tbl_Interface_HandleLog_201711-HandleLog_470637f8125f46c8b62996a7c79adc10表插入1条数据
2017-11-07 14:20:42,455 [wsz][Thread:22][INFO] JinRi.LogCenter.LogMessageDAL - 批量成功往dbo.tbl_Interface_HandleLog_201711-HandleLog_6cd88bc30767458daeeee02228c4cfe9表插入1条数据
2017-11-07 14:20:51,755 [wsz][Thread:20][INFO] JinRi.LogCenter.LogMessageDAL - 批量成功往dbo.tbl_Interface_HandleLog_201711-HandleLog_da87f7e2daa44baf879f3a076059bba3表插入1条数据
2017-11-07 14:20:57,484 [wsz][Thread:27][INFO] JinRi.LogCenter.LogMessageDAL - 批量成功往dbo.tbl_Interface_HandleLog_201711-HandleLog_cb8a6b6f1cba4a289ddf694c022b82c9表插入1条数据
2017-11-07 14:21:07,546 [wsz][Thread:19][INFO] JinRi.LogCenter.LogMessageDAL - 批量成功往dbo.tbl_Interface_HandleLog_201711-HandleLog_83fb35db3fc94806a9b25b0c047a1eee表插入1条数据
2017-11-07 14:25:00,469 [wsz][Thread:28][INFO] JinRi.LogCenter.LogMessageDAL - 批量成功往dbo.tbl_Interface_HandleLog_201711-HandleLog_1959406d023844fcac9b366b2597d48a表插入1条数据
2017-11-07 14:25:13,235 [wsz][Thread:26][INFO] JinRi.LogCenter.LogMessageDAL - 批量成功往dbo.tbl_Interface_HandleLog_201711-HandleLog_4509cd96624b4c2e846ae9a42d138f08表插入1条数据
2017-11-07 14:28:00,540 [wsz][Thread:20][INFO] JinRi.LogCenter.LogMessageDAL - 批量成功往dbo.tbl_Interface_HandleLog_201711-HandleLog_a24d999e713b402ebe34420ed45c35bc表插入1条数据
2017-11-07 14:28:13,268 [wsz][Thread:25][INFO] JinRi.LogCenter.LogMessageDAL - 批量成功往dbo.tbl_Interface_HandleLog_201711-HandleLog_9e7f1bf7fc0545e5ae8212dbbd210cf1表插入1条数据
2017-11-07 14:28:27,471 [wsz][Thread:21][INFO] JinRi.LogCenter.LogMessageDAL - 批量成功往dbo.tbl_Interface_HandleLog_201711-HandleLog_c19b76dcc6a24e6da51effd354716db7表插入1条数据
2017-11-07 14:28:40,287 [wsz][Thread:26][INFO] JinRi.LogCenter.LogMessageDAL - 批量成功往dbo.tbl_Interface_HandleLog_201711-HandleLog_f32b081dfe694ab197efbf2109d4c432表插入1条数据
2017-11-07 14:29:30,506 [wsz][Thread:27][INFO] JinRi.LogCenter.LogMessageDAL - 批量成功往dbo.tbl_Interface_HandleLog_201711-HandleLog_1daf0db8673f45518ea35b5fca821cb8表插入1条数据
2017-11-07 14:29:40,559 [wsz][Thread:26][INFO] JinRi.LogCenter.LogMessageDAL - 批量成功往dbo.tbl_Interface_HandleLog_201711-HandleLog_28a8cc37bea24792b432be0db0ad5dd9表插入2条数据
2017-11-07 14:29:46,160 [wsz][Thread:22][INFO] JinRi.LogCenter.LogMessageDAL - 批量成功往dbo.tbl_Interface_HandleLog_201711-HandleLog_0eed0c7fc1904fb7991e21acbd37b572表插入2条数据
2017-11-07 14:29:52,221 [wsz][Thread:27][INFO] JinRi.LogCenter.LogMessageDAL - 批量成功往dbo.tbl_Interface_HandleLog_201711-HandleLog_6ffd12acd73d4f0e80ce3aa9e950379f表插入1条数据
2017-11-07 14:29:52,294 [wsz][Thread:28][INFO] JinRi.LogCenter.LogMessageDAL - 批量成功往dbo.tbl_Interface_HandleLog_201711-HandleLog_3bf7e9f5a0384a90a9127c20dc81ce08表插入1条数据
2017-11-07 14:29:57,578 [wsz][Thread:23][INFO] JinRi.LogCenter.LogMessageDAL - 批量成功往dbo.tbl_Interface_HandleLog_201711-HandleLog_5dbdac90901d470684344810d0bae01c表插入1条数据
2017-11-07 14:37:24,532 [wsz][Thread:21][INFO] JinRi.LogCenter.LogMessageDAL - 批量成功往dbo.tbl_Interface_ProcessLog_201711-ProcessLog_bf0d7567d15449588e286eccda70e92b表插入2条数据
2017-11-07 14:37:24,684 [wsz][Thread:25][INFO] JinRi.LogCenter.LogMessageDAL - 批量成功往dbo.tbl_Interface_HandleLog_201711-HandleLog_f70c93012a634eab9ced359e263a40c6表插入2条数据
2017-11-07 14:51:48,729 [wsz][Thread:28][INFO] JinRi.LogCenter.LogMessageDAL - 批量成功往dbo.tbl_Interface_HandleLog_201711-HandleLog_14ad0a0c438742599fa27260e0bd87f3表插入1条数据
2017-11-07 14:51:58,295 [wsz][Thread:25][INFO] JinRi.LogCenter.LogMessageDAL - 批量成功往dbo.tbl_Interface_HandleLog_201711-HandleLog_1b825337082f41338825553ce8662335表插入1条数据
2017-11-07 15:02:12,814 [wsz][Thread:23][INFO] JinRi.LogCenter.LogMessageDAL - 批量成功往dbo.tbl_Interface_HandleLog_201711-HandleLog_342c5ba52c754109b3d724cf1eafd45b表插入1条数据
2017-11-07 15:02:22,808 [wsz][Thread:28][INFO] JinRi.LogCenter.LogMessageDAL - 批量成功往dbo.tbl_Interface_HandleLog_201711-HandleLog_3a601e81764647fd9f7da266401603aa表插入1条数据
2017-11-07 15:14:45,848 [wsz][Thread:25][INFO] JinRi.LogCenter.LogMessageDAL - 批量成功往dbo.tbl_Interface_HandleLog_201711-HandleLog_43f8a6226f5c4a34b8721dac4984ec6c表插入1条数据
2017-11-07 15:14:55,473 [wsz][Thread:19][INFO] JinRi.LogCenter.LogMessageDAL - 批量成功往dbo.tbl_Interface_HandleLog_201711-HandleLog_2cb212a16c2543758f677e534fdc49f7表插入1条数据
2017-11-07 15:15:24,825 [wsz][Thread:19][INFO] JinRi.LogCenter.LogMessageDAL - 批量成功往dbo.tbl_Interface_ProcessLog_201711-ProcessLog_533edac7aec244f0a9af1c70e70beaf3表插入2条数据
2017-11-07 15:15:24,872 [wsz][Thread:24][INFO] JinRi.LogCenter.LogMessageDAL - 批量成功往dbo.tbl_Interface_HandleLog_201711-HandleLog_f200c6ab66af459193f2a6bc0312aba8表插入2条数据
2017-11-07 15:15:39,825 [wsz][Thread:26][INFO] JinRi.LogCenter.LogMessageDAL - 批量成功往dbo.tbl_Interface_ProcessLog_201711-ProcessLog_a381ea7e016a4ecfbb8acba61311781d表插入2条数据
2017-11-07 15:15:39,872 [wsz][Thread:19][INFO] JinRi.LogCenter.LogMessageDAL - 批量成功往dbo.tbl_Interface_HandleLog_201711-HandleLog_1d697bf27a8f4daeac5bde2b5207c6ea表插入2条数据
2017-11-07 15:15:51,825 [wsz][Thread:27][INFO] JinRi.LogCenter.LogMessageDAL - 批量成功往dbo.tbl_Interface_ProcessLog_201711-ProcessLog_005ea3dd6f0f4e2b88a8449af571ddec表插入2条数据
2017-11-07 15:15:51,873 [wsz][Thread:19][INFO] JinRi.LogCenter.LogMessageDAL - 批量成功往dbo.tbl_Interface_HandleLog_201711-HandleLog_15c4e3f2150e4f83baa3e71837d5b72b表插入2条数据
2017-11-07 15:15:57,826 [wsz][Thread:24][INFO] JinRi.LogCenter.LogMessageDAL - 批量成功往dbo.tbl_Interface_ProcessLog_201711-ProcessLog_b9af533ed51a453f8bc0d1915da5fdcb表插入2条数据
2017-11-07 15:15:57,873 [wsz][Thread:20][INFO] JinRi.LogCenter.LogMessageDAL - 批量成功往dbo.tbl_Interface_HandleLog_201711-HandleLog_107e1eedd9dd443799966e00f6839d0e表插入2条数据
2017-11-07 16:50:19,979 [wsz][Thread:3][INFO] JinRi.LogCenter.LogMessageDAL - 批量成功往dbo.tbl_Interface_HandleLog_201711-HandleLog_d14a20d9b4f441ba865e8cae16b9c425表插入1条数据
2017-11-07 16:50:20,034 [wsz][Thread:51][INFO] JinRi.LogCenter.LogMessageDAL - 批量成功往dbo.tbl_Interface_ProcessLog_201711-ProcessLog_8e2dab411ca34e05925f5facc38c1c61表插入2条数据
2017-11-07 16:50:24,512 [wsz][Thread:56][INFO] JinRi.LogCenter.LogMessageDAL - 批量成功往dbo.tbl_Interface_HandleLog_201711-HandleLog_fdbc49a86dad4b91a852302803da293f表插入1条数据
2017-11-07 16:51:00,592 [wsz][Thread:53][INFO] JinRi.LogCenter.LogMessageDAL - 批量成功往dbo.tbl_Interface_HandleLog_201711-HandleLog_d51d7bcdd610403590c681b72a56736d表插入1条数据
2017-11-07 16:51:00,959 [wsz][Thread:55][INFO] JinRi.LogCenter.LogMessageDAL - 批量成功往dbo.tbl_Interface_ProcessLog_201711-ProcessLog_64c097ec11764747a5dcdc92b6257421表插入2条数据
2017-11-07 16:51:03,621 [wsz][Thread:52][INFO] JinRi.LogCenter.LogMessageDAL - 批量成功往dbo.tbl_Interface_HandleLog_201711-HandleLog_903242d2bbdd44ef8e2744921cea5ff0表插入1条数据
